<?xml version="1.0" encoding="UTF-8"?>
<!-- Generated by org.testng.reporters.JUnitReportReporter -->
<testsuite hostname="DESKTOP-SC1JBDP" failures="0" tests="1" name="practice.a_organtion" time="23.156" errors="0" timestamp="2023-11-05T16:59:40 IST" skipped="0">
  <testcase classname="practice.a_organtion" name="org" time="23.156"/>
</testsuite> <!-- practice.a_organtion -->
