<?xml version="1.0" encoding="UTF-8"?>
<!-- Generated by org.testng.reporters.JUnitReportReporter -->
<testsuite hostname="DESKTOP-SC1JBDP" failures="0" tests="1" name="practice.testclass" time="17.392" errors="0" timestamp="2023-11-05T16:56:29 IST" skipped="0">
  <testcase classname="practice.testclass" name="tc4" time="17.392"/>
  <system-out>
    <![CDATA[connect to db
close data base]]>
  </system-out>
</testsuite> <!-- practice.testclass -->
