<?xml version="1.0" encoding="UTF-8"?>
<!-- Generated by org.testng.reporters.JUnitReportReporter -->
<testsuite hostname="DESKTOP-SC1JBDP" failures="0" tests="1" name="parellel_excution.fatchtofb" time="16.805" errors="0" timestamp="2023-09-12T16:08:36 IST" skipped="0">
  <testcase classname="parellel_excution.fatchtofb" name="tc1" time="16.805"/>
</testsuite> <!-- parellel_excution.fatchtofb -->
