<?xml version="1.0" encoding="UTF-8"?>
<!-- Generated by org.testng.reporters.JUnitReportReporter -->
<testsuite hostname="DESKTOP-SC1JBDP" failures="0" tests="1" name="textngart.htmltable" time="74.318" errors="0" timestamp="2023-10-06T17:19:01 IST" skipped="0">
  <testcase classname="textngart.htmltable" name="tc1" time="74.318"/>
</testsuite> <!-- textngart.htmltable -->
