<?xml version="1.0" encoding="UTF-8"?>
<!-- Generated by org.testng.reporters.JUnitReportReporter -->
<testsuite hostname="DESKTOP-SC1JBDP" failures="0" tests="1" name="practice.fatchtofb" time="22.710" errors="0" timestamp="2023-08-28T16:08:07 IST" skipped="0">
  <testcase classname="practice.fatchtofb" name="tc1" time="22.710"/>
</testsuite> <!-- practice.fatchtofb -->
