<?xml version="1.0" encoding="UTF-8"?>
<!-- Generated by org.testng.reporters.JUnitReportReporter -->
<testsuite hostname="DESKTOP-SC1JBDP" failures="0" tests="2" name="textngpack.textngclass" time="0.016" errors="0" timestamp="2023-09-05T15:39:21 IST" skipped="0">
  <testcase classname="textngpack.textngclass" name="exp" time="0.012"/>
  <testcase classname="textngpack.textngclass" name="tearup" time="0.004"/>
</testsuite> <!-- textngpack.textngclass -->
