<?xml version="1.0" encoding="UTF-8"?>
<!-- Generated by org.testng.reporters.JUnitReportReporter -->
<testsuite hostname="DESKTOP-SC1JBDP" failures="0" tests="1" name="textngpack.pomframe" time="7.839" errors="0" timestamp="2023-08-27T17:59:44 IST" skipped="0">
  <testcase classname="textngpack.pomframe" name="tc" time="7.839"/>
</testsuite> <!-- textngpack.pomframe -->
