<?xml version="1.0" encoding="UTF-8"?>
<!-- Generated by org.testng.reporters.JUnitReportReporter -->
<testsuite hostname="DESKTOP-SC1JBDP" failures="0" tests="3" name="textngpack.class2" time="0.007" errors="0" timestamp="2023-09-05T15:48:57 IST" skipped="0">
  <testcase classname="textngpack.class2" name="TC5" time="0.002">
    <system-out>
      <![CDATA[TC5]]>
    </system-out>
  </testcase> <!-- TC5 -->
  <testcase classname="textngpack.class2" name="TC4" time="0.002">
    <system-out>
      <![CDATA[TC4]]>
    </system-out>
  </testcase> <!-- TC4 -->
  <testcase classname="textngpack.class2" name="TC6" time="0.003">
    <system-out>
      <![CDATA[TC6]]>
    </system-out>
  </testcase> <!-- TC6 -->
  <system-out>
    <![CDATA[TC7
TC8
TC9
TC4
TC5
TC6
TC1
TC2
TC3]]>
  </system-out>
</testsuite> <!-- textngpack.class2 -->
