<?xml version="1.0" encoding="UTF-8"?>
<!-- Generated by org.testng.reporters.JUnitReportReporter -->
<testsuite hostname="DESKTOP-SC1JBDP" failures="0" tests="1" name="parallel_excution.amazon" time="8.275" errors="0" timestamp="2023-09-12T16:54:28 IST" skipped="0">
  <testcase classname="parallel_excution.amazon" name="m1" time="8.275"/>
</testsuite> <!-- parallel_excution.amazon -->
