<?xml version="1.0" encoding="UTF-8"?>
<!-- Generated by org.testng.reporters.JUnitReportReporter -->
<testsuite hostname="DESKTOP-SC1JBDP" failures="0" tests="10" name="textngpack.invocationcount" time="0.070" errors="0" timestamp="2023-08-16T18:27:36 IST" skipped="0">
  <testcase classname="textngpack.invocationcount" name="demo" time="0.009">
    <system-out>
      <![CDATA[Hi good evening]]>
    </system-out>
  </testcase> <!-- demo -->
  <testcase classname="textngpack.invocationcount" name="demo" time="0.001">
    <system-out>
      <![CDATA[Hi good evening]]>
    </system-out>
  </testcase> <!-- demo -->
  <testcase classname="textngpack.invocationcount" name="demo" time="0.001">
    <system-out>
      <![CDATA[Hi good evening]]>
    </system-out>
  </testcase> <!-- demo -->
  <testcase classname="textngpack.invocationcount" name="demo" time="0.027">
    <system-out>
      <![CDATA[Hi good evening]]>
    </system-out>
  </testcase> <!-- demo -->
  <testcase classname="textngpack.invocationcount" name="demo" time="0.002">
    <system-out>
      <![CDATA[Hi good evening]]>
    </system-out>
  </testcase> <!-- demo -->
  <testcase classname="textngpack.invocationcount" name="demo" time="0.016">
    <system-out>
      <![CDATA[Hi good evening]]>
    </system-out>
  </testcase> <!-- demo -->
  <testcase classname="textngpack.invocationcount" name="demo" time="0.002">
    <system-out>
      <![CDATA[Hi good evening]]>
    </system-out>
  </testcase> <!-- demo -->
  <testcase classname="textngpack.invocationcount" name="demo" time="0.009">
    <system-out>
      <![CDATA[Hi good evening]]>
    </system-out>
  </testcase> <!-- demo -->
  <testcase classname="textngpack.invocationcount" name="demo" time="0.002">
    <system-out>
      <![CDATA[Hi good evening]]>
    </system-out>
  </testcase> <!-- demo -->
  <testcase classname="textngpack.invocationcount" name="demo" time="0.001">
    <system-out>
      <![CDATA[Hi good evening]]>
    </system-out>
  </testcase> <!-- demo -->
  <system-out>
    <![CDATA[Hi good evening
Hi good evening
Hi good evening
Hi good evening
Hi good evening
Hi good evening
Hi good evening
Hi good evening
Hi good evening
Hi good evening]]>
  </system-out>
</testsuite> <!-- textngpack.invocationcount -->
