<?xml version="1.0" encoding="UTF-8"?>
<!-- Generated by org.testng.reporters.JUnitReportReporter -->
<testsuite hostname="DESKTOP-SC1JBDP" failures="0" tests="2" name="textngpack.textngclass" time="0.018" errors="0" timestamp="2023-08-03T17:48:10 IST" skipped="0">
  <testcase classname="textngpack.textngclass" name="tearup" time="0.005"/>
  <testcase classname="textngpack.textngclass" name="exp" time="0.013"/>
</testsuite> <!-- textngpack.textngclass -->
