<?xml version="1.0" encoding="UTF-8"?>
<!-- Generated by org.testng.reporters.JUnitReportReporter -->
<testsuite hostname="DESKTOP-SC1JBDP" failures="0" tests="3" name="textngpack.class1" time="0.005" errors="0" timestamp="2023-09-05T15:48:57 IST" skipped="0">
  <testcase classname="textngpack.class1" name="TC3" time="0.002">
    <system-out>
      <![CDATA[TC3]]>
    </system-out>
  </testcase> <!-- TC3 -->
  <testcase classname="textngpack.class1" name="TC1" time="0.002">
    <system-out>
      <![CDATA[TC1]]>
    </system-out>
  </testcase> <!-- TC1 -->
  <testcase classname="textngpack.class1" name="TC2" time="0.001">
    <system-out>
      <![CDATA[TC2]]>
    </system-out>
  </testcase> <!-- TC2 -->
  <system-out>
    <![CDATA[TC7
TC8
TC9
TC4
TC5
TC6
TC1
TC2
TC3]]>
  </system-out>
</testsuite> <!-- textngpack.class1 -->
