<?xml version="1.0" encoding="UTF-8"?>
<!-- Generated by org.testng.reporters.JUnitReportReporter -->
<testsuite hostname="DESKTOP-SC1JBDP" failures="0" tests="3" name="textngpack.testcases" time="0.011" errors="0" timestamp="2023-08-16T16:09:25 IST" skipped="0">
  <testcase classname="textngpack.testcases" name="test3" time="0.002"/>
  <testcase classname="textngpack.testcases" name="testc1" time="0.001"/>
  <testcase classname="textngpack.testcases" name="testc2" time="0.008"/>
  <system-out>
    <![CDATA[TC4
TC5
TC6
TC4
TC5
TC6
TC4
TC5
TC6]]>
  </system-out>
</testsuite> <!-- textngpack.testcases -->
