<?xml version="1.0" encoding="UTF-8"?>
<!-- Generated by org.testng.reporters.JUnitReportReporter -->
<testsuite hostname="DESKTOP-SC1JBDP" failures="0" tests="1" name="practice.htmltable" time="32.654" errors="0" timestamp="2023-09-04T15:07:59 IST" skipped="0">
  <testcase classname="practice.htmltable" name="tc1" time="32.654"/>
</testsuite> <!-- practice.htmltable -->
