<?xml version="1.0" encoding="UTF-8"?>
<!-- Generated by org.testng.reporters.JUnitReportReporter -->
<testsuite hostname="DESKTOP-SC1JBDP" failures="0" tests="3" name="textngpack.class3" time="0.017" errors="0" timestamp="2023-09-05T15:48:57 IST" skipped="0">
  <testcase classname="textngpack.class3" name="TC7" time="0.012">
    <system-out>
      <![CDATA[TC7]]>
    </system-out>
  </testcase> <!-- TC7 -->
  <testcase classname="textngpack.class3" name="TC9" time="0.003">
    <system-out>
      <![CDATA[TC9]]>
    </system-out>
  </testcase> <!-- TC9 -->
  <testcase classname="textngpack.class3" name="TC8" time="0.002">
    <system-out>
      <![CDATA[TC8]]>
    </system-out>
  </testcase> <!-- TC8 -->
  <system-out>
    <![CDATA[TC7
TC8
TC9
TC4
TC5
TC6
TC1
TC2
TC3]]>
  </system-out>
</testsuite> <!-- textngpack.class3 -->
