<?xml version="1.0" encoding="UTF-8"?>
<!-- Generated by org.testng.reporters.JUnitReportReporter -->
<testsuite hostname="DESKTOP-SC1JBDP" failures="0" tests="3" name="textngpack.testcases" time="0.026" errors="0" timestamp="2023-08-29T15:10:02 IST" skipped="0">
  <testcase classname="textngpack.testcases" name="test3" time="0.022"/>
  <testcase classname="textngpack.testcases" name="testc1" time="0.001"/>
  <testcase classname="textngpack.testcases" name="testc2" time="0.003"/>
</testsuite> <!-- textngpack.testcases -->
