<?xml version="1.0" encoding="UTF-8"?>
<!-- Generated by org.testng.reporters.JUnitReportReporter -->
<testsuite hostname="DESKTOP-SC1JBDP" failures="0" tests="1" name="textngpack.findbypom" time="8.111" errors="0" timestamp="2023-08-28T16:11:50 IST" skipped="0">
  <testcase classname="textngpack.findbypom" name="tc" time="8.111"/>
</testsuite> <!-- textngpack.findbypom -->
