<?xml version="1.0" encoding="UTF-8"?>
<!-- Generated by org.testng.reporters.JUnitReportReporter -->
<testsuite hostname="DESKTOP-SC1JBDP" failures="0" tests="3" name="textngpack.class1" time="0.017" errors="0" timestamp="2023-08-16T16:09:25 IST" skipped="0">
  <testcase classname="textngpack.class1" name="TC4" time="0.004">
    <system-out>
      <![CDATA[TC4]]>
    </system-out>
  </testcase> <!-- TC4 -->
  <testcase classname="textngpack.class1" name="TC6" time="0.008">
    <system-out>
      <![CDATA[TC6]]>
    </system-out>
  </testcase> <!-- TC6 -->
  <testcase classname="textngpack.class1" name="TC5" time="0.005">
    <system-out>
      <![CDATA[TC5]]>
    </system-out>
  </testcase> <!-- TC5 -->
  <system-out>
    <![CDATA[TC4
TC5
TC6
TC4
TC5
TC6
TC4
TC5
TC6]]>
  </system-out>
</testsuite> <!-- textngpack.class1 -->
