<?xml version="1.0" encoding="UTF-8"?>
<!-- Generated by org.testng.reporters.JUnitReportReporter -->
<testsuite hostname="DESKTOP-SC1JBDP" failures="0" tests="1" name="creating_data.hashmap" time="2.969" errors="0" timestamp="2023-10-11T16:22:05 IST" skipped="0">
  <testcase classname="creating_data.hashmap" name="tc1" time="2.969"/>
  <system-out/>
</testsuite> <!-- creating_data.hashmap -->
