<?xml version="1.0" encoding="UTF-8"?>
<!-- Generated by org.testng.reporters.JUnitReportReporter -->
<testsuite hostname="DESKTOP-SC1JBDP" failures="0" tests="1" name="creating_data.sample1" time="6.493" errors="0" timestamp="2023-10-11T16:43:20 IST" skipped="0">
  <testcase classname="creating_data.sample1" name="m" time="6.493"/>
  <system-out/>
</testsuite> <!-- creating_data.sample1 -->
