<?xml version="1.0" encoding="UTF-8"?>
<!-- Generated by org.testng.reporters.JUnitReportReporter -->
<testsuite hostname="DESKTOP-SC1JBDP" failures="0" tests="1" name="creating_data.json_file" time="4.007" errors="0" timestamp="2023-10-11T15:20:19 IST" skipped="0">
  <testcase classname="creating_data.json_file" name="m1" time="4.007"/>
  <system-out/>
</testsuite> <!-- creating_data.json_file -->
